This is pdfTeX, Version 3.141592653-2.6-1.40.28 (MiKTeX 25.12) (preloaded format=pdflatex 2026.4.18)  18 APR 2026 18:24
entering extended mode
 restricted \write18 enabled.
 %&-line parsing enabled.
**./lab02_report.tex
(lab02_report.tex
LaTeX2e <2025-11-01>
L3 programming layer <2025-12-24>
(C:\Users\26785\AppData\Local\Programs\MiKTeX\tex/latex/base\article.cls
Document Class: article 2025/01/22 v1.4n Standard LaTeX document class
(C:\Users\26785\AppData\Local\Programs\MiKTeX\tex/latex/base\size12.clo
File: size12.clo 2025/01/22 v1.4n Standard LaTeX file (size option)
)
\c@part=\count275
\c@section=\count276
\c@subsection=\count277
\c@subsubsection=\count278
\c@paragraph=\count279
\c@subparagraph=\count280
\c@figure=\count281
\c@table=\count282
\abovecaptionskip=\skip49
\belowcaptionskip=\skip50
\bibindent=\dimen148
)
(C:\Users\26785\AppData\Local\Programs\MiKTeX\tex/latex/geometry\geometry.sty
Package: geometry 2026/03/07 v6.0 Page Geometry

(C:\Users\26785\AppData\Local\Programs\MiKTeX\tex/latex/graphics\keyval.sty
Package: keyval 2022/05/29 v1.15 key=value parser (DPC)
\KV@toks@=\toks17
)
(C:\Users\26785\AppData\Local\Programs\MiKTeX\tex/generic/iftex\ifvtex.sty
Package: ifvtex 2019/10/25 v1.7 ifvtex legacy package. Use iftex instead.

(C:\Users\26785\AppData\Local\Programs\MiKTeX\tex/generic/iftex\iftex.sty
Package: iftex 2024/12/12 v1.0g TeX engine tests
))
\Gm@cnth=\count283
\Gm@cntv=\count284
\c@Gm@tempcnt=\count285
\Gm@bindingoffset=\dimen149
\Gm@wd@mp=\dimen150
\Gm@odd@mp=\dimen151
\Gm@even@mp=\dimen152
\Gm@layoutwidth=\dimen153
\Gm@layoutheight=\dimen154
\Gm@layouthoffset=\dimen155
\Gm@layoutvoffset=\dimen156
\Gm@dimlist=\toks18

(C:\Users\26785\AppData\Local\Programs\MiKTeX\tex/latex/geometry\geometry.cfg))
(C:\Users\26785\AppData\Local\Programs\MiKTeX\tex/latex/graphics\graphicx.sty
Package: graphicx 2024/12/31 v1.2e Enhanced LaTeX Graphics (DPC,SPQR)

(C:\Users\26785\AppData\Local\Programs\MiKTeX\tex/latex/graphics\graphics.sty
Package: graphics 2024/08/06 v1.4g Standard LaTeX Graphics (DPC,SPQR)

(C:\Users\26785\AppData\Local\Programs\MiKTeX\tex/latex/graphics\trig.sty
Package: trig 2023/12/02 v1.11 sin cos tan (DPC)
)
(C:\Users\26785\AppData\Local\Programs\MiKTeX\tex/latex/graphics-cfg\graphics.c
fg
File: graphics.cfg 2016/06/04 v1.11 sample graphics configuration
)
Package graphics Info: Driver file: pdftex.def on input line 106.

(C:\Users\26785\AppData\Local\Programs\MiKTeX\tex/latex/graphics-def\pdftex.def
File: pdftex.def 2025/09/29 v1.2d Graphics/color driver for pdftex
))
\Gin@req@height=\dimen157
\Gin@req@width=\dimen158
) (C:\Users\26785\AppData\Local\Programs\MiKTeX\tex/latex/amsmath\amsmath.sty
Package: amsmath 2025/07/09 v2.17z AMS math features
\@mathmargin=\skip51
For additional information on amsmath, use the `?' option.
(C:\Users\26785\AppData\Local\Programs\MiKTeX\tex/latex/amsmath\amstext.sty
Package: amstext 2024/11/17 v2.01 AMS text

(C:\Users\26785\AppData\Local\Programs\MiKTeX\tex/latex/amsmath\amsgen.sty
File: amsgen.sty 1999/11/30 v2.0 generic functions
\@emptytoks=\toks19
\ex@=\dimen159
))
(C:\Users\26785\AppData\Local\Programs\MiKTeX\tex/latex/amsmath\amsbsy.sty
Package: amsbsy 1999/11/29 v1.2d Bold Symbols
\pmbraise@=\dimen160
)
(C:\Users\26785\AppData\Local\Programs\MiKTeX\tex/latex/amsmath\amsopn.sty
Package: amsopn 2022/04/08 v2.04 operator names
)
\inf@bad=\count286
LaTeX Info: Redefining \frac on input line 233.
\uproot@=\count287
\leftroot@=\count288
LaTeX Info: Redefining \overline on input line 398.
LaTeX Info: Redefining \colon on input line 409.
\classnum@=\count289
\DOTSCASE@=\count290
LaTeX Info: Redefining \ldots on input line 495.
LaTeX Info: Redefining \dots on input line 498.
LaTeX Info: Redefining \cdots on input line 619.
\Mathstrutbox@=\box53
\strutbox@=\box54
LaTeX Info: Redefining \big on input line 721.
LaTeX Info: Redefining \Big on input line 722.
LaTeX Info: Redefining \bigg on input line 723.
LaTeX Info: Redefining \Bigg on input line 724.
\big@size=\dimen161
LaTeX Font Info:    Redeclaring font encoding OML on input line 742.
LaTeX Font Info:    Redeclaring font encoding OMS on input line 743.
\macc@depth=\count291
LaTeX Info: Redefining \bmod on input line 904.
LaTeX Info: Redefining \pmod on input line 909.
LaTeX Info: Redefining \smash on input line 939.
LaTeX Info: Redefining \relbar on input line 969.
LaTeX Info: Redefining \Relbar on input line 970.
\c@MaxMatrixCols=\count292
\dotsspace@=\muskip17
\c@parentequation=\count293
\dspbrk@lvl=\count294
\tag@help=\toks20
\row@=\count295
\column@=\count296
\maxfields@=\count297
\andhelp@=\toks21
\eqnshift@=\dimen162
\alignsep@=\dimen163
\tagshift@=\dimen164
\tagwidth@=\dimen165
\totwidth@=\dimen166
\lineht@=\dimen167
\@envbody=\toks22
\multlinegap=\skip52
\multlinetaggap=\skip53
\mathdisplay@stack=\toks23
LaTeX Info: Redefining \[ on input line 2950.
LaTeX Info: Redefining \] on input line 2951.
)
(C:\Users\26785\AppData\Local\Programs\MiKTeX\tex/latex/amsfonts\amssymb.sty
Package: amssymb 2013/01/14 v3.01 AMS font symbols

(C:\Users\26785\AppData\Local\Programs\MiKTeX\tex/latex/amsfonts\amsfonts.sty
Package: amsfonts 2013/01/14 v3.01 Basic AMSFonts support
\symAMSa=\mathgroup4
\symAMSb=\mathgroup5
LaTeX Font Info:    Redeclaring math symbol \hbar on input line 98.
LaTeX Font Info:    Overwriting math alphabet `\mathfrak' in version `bold'
(Font)                  U/euf/m/n --> U/euf/b/n on input line 106.
)) (C:\Users\26785\AppData\Local\Programs\MiKTeX\tex/latex/caption\caption.sty
Package: caption 2023/08/05 v3.6o Customizing captions (AR)

(C:\Users\26785\AppData\Local\Programs\MiKTeX\tex/latex/caption\caption3.sty
Package: caption3 2023/07/31 v2.4d caption3 kernel (AR)
\caption@tempdima=\dimen168
\captionmargin=\dimen169
\caption@leftmargin=\dimen170
\caption@rightmargin=\dimen171
\caption@width=\dimen172
\caption@indent=\dimen173
\caption@parindent=\dimen174
\caption@hangindent=\dimen175
Package caption Info: Standard document class detected.
)
\c@caption@flags=\count298
\c@continuedfloat=\count299
)
(C:\Users\26785\AppData\Local\Programs\MiKTeX\tex/latex/caption\subcaption.sty
Package: subcaption 2023/07/28 v1.6b Sub-captions (AR)
Package caption Info: New subtype `subfigure' on input line 238.
\c@subfigure=\count300
Package caption Info: New subtype `subtable' on input line 238.
\c@subtable=\count301
) (C:\Users\26785\AppData\Local\Programs\MiKTeX\tex/latex/booktabs\booktabs.sty
Package: booktabs 2020/01/12 v1.61803398 Publication quality tables
\heavyrulewidth=\dimen176
\lightrulewidth=\dimen177
\cmidrulewidth=\dimen178
\belowrulesep=\dimen179
\belowbottomsep=\dimen180
\aboverulesep=\dimen181
\abovetopsep=\dimen182
\cmidrulesep=\dimen183
\cmidrulekern=\dimen184
\defaultaddspace=\dimen185
\@cmidla=\count302
\@cmidlb=\count303
\@aboverulesep=\dimen186
\@belowrulesep=\dimen187
\@thisruleclass=\count304
\@lastruleclass=\count305
\@thisrulewidth=\dimen188
) (C:\Users\26785\AppData\Local\Programs\MiKTeX\tex/latex/tools\array.sty
Package: array 2025/09/25 v2.6n Tabular extension package (FMi)
\col@sep=\dimen189
\ar@mcellbox=\box55
\extrarowheight=\dimen190
\NC@list=\toks24
\extratabsurround=\skip54
\backup@length=\skip55
\ar@cellbox=\box56
)
(C:\Users\26785\AppData\Local\Programs\MiKTeX\tex/latex/float\float.sty
Package: float 2001/11/08 v1.3d Float enhancements (AL)
\c@float@type=\count306
\float@exts=\toks25
\float@box=\box57
\@float@everytoks=\toks26
\@floatcapt=\box58
)
(C:\Users\26785\AppData\Local\Programs\MiKTeX\tex/latex/hyperref\hyperref.sty
Package: hyperref 2025-07-12 v7.01o Hypertext links for LaTeX

(C:\Users\26785\AppData\Local\Programs\MiKTeX\tex/latex/kvsetkeys\kvsetkeys.sty
Package: kvsetkeys 2022-10-05 v1.19 Key value parser (HO)
)
(C:\Users\26785\AppData\Local\Programs\MiKTeX\tex/generic/kvdefinekeys\kvdefine
keys.sty
Package: kvdefinekeys 2019-12-19 v1.6 Define keys (HO)
)
(C:\Users\26785\AppData\Local\Programs\MiKTeX\tex/generic/pdfescape\pdfescape.s
ty
Package: pdfescape 2019/12/09 v1.15 Implements pdfTeX's escape features (HO)

(C:\Users\26785\AppData\Local\Programs\MiKTeX\tex/generic/ltxcmds\ltxcmds.sty
Package: ltxcmds 2023-12-04 v1.26 LaTeX kernel commands for general use (HO)
)
(C:\Users\26785\AppData\Local\Programs\MiKTeX\tex/generic/pdftexcmds\pdftexcmds
.sty
Package: pdftexcmds 2020-06-27 v0.33 Utility functions of pdfTeX for LuaTeX (HO
)

(C:\Users\26785\AppData\Local\Programs\MiKTeX\tex/generic/infwarerr\infwarerr.s
ty
Package: infwarerr 2019/12/03 v1.5 Providing info/warning/error messages (HO)
)
Package pdftexcmds Info: \pdf@primitive is available.
Package pdftexcmds Info: \pdf@ifprimitive is available.
Package pdftexcmds Info: \pdfdraftmode found.
))
(C:\Users\26785\AppData\Local\Programs\MiKTeX\tex/latex/hycolor\hycolor.sty
Package: hycolor 2020-01-27 v1.10 Color options for hyperref/bookmark (HO)
)
(C:\Users\26785\AppData\Local\Programs\MiKTeX\tex/latex/hyperref\nameref.sty
Package: nameref 2025-06-21 v2.57 Cross-referencing by name of section

(C:\Users\26785\AppData\Local\Programs\MiKTeX\tex/latex/refcount\refcount.sty
Package: refcount 2019/12/15 v3.6 Data extraction from label references (HO)
)
(C:\Users\26785\AppData\Local\Programs\MiKTeX\tex/generic/gettitlestring\gettit
lestring.sty
Package: gettitlestring 2019/12/15 v1.6 Cleanup title references (HO)

(C:\Users\26785\AppData\Local\Programs\MiKTeX\tex/latex/kvoptions\kvoptions.sty
Package: kvoptions 2022-06-15 v3.15 Key value format for package options (HO)
))
\c@section@level=\count307
)
(C:\Users\26785\AppData\Local\Programs\MiKTeX\tex/latex/etoolbox\etoolbox.sty
Package: etoolbox 2025/10/02 v2.5m e-TeX tools for LaTeX (JAW)
\etb@tempcnta=\count308
)
(C:\Users\26785\AppData\Local\Programs\MiKTeX\tex/generic/stringenc\stringenc.s
ty
Package: stringenc 2019/11/29 v1.12 Convert strings between diff. encodings (HO
)
)
\@linkdim=\dimen191
\Hy@linkcounter=\count309
\Hy@pagecounter=\count310
 (C:\Users\26785\AppData\Local\Programs\MiKTeX\tex/latex/hyperref\pd1enc.def
File: pd1enc.def 2025-07-12 v7.01o Hyperref: PDFDocEncoding definition (HO)
Now handling font encoding PD1 ...
... no UTF-8 mapping file for font encoding PD1
) (C:\Users\26785\AppData\Local\Programs\MiKTeX\tex/generic/intcalc\intcalc.sty
Package: intcalc 2019/12/15 v1.3 Expandable calculations with integers (HO)
)
\Hy@SavedSpaceFactor=\count311
 (C:\Users\26785\AppData\Local\Programs\MiKTeX\tex/latex/hyperref\puenc.def
File: puenc.def 2025-07-12 v7.01o Hyperref: PDF Unicode definition (HO)
Now handling font encoding PU ...
... no UTF-8 mapping file for font encoding PU
)
Package hyperref Info: Hyper figures OFF on input line 4195.
Package hyperref Info: Link nesting OFF on input line 4200.
Package hyperref Info: Hyper index ON on input line 4203.
Package hyperref Info: Plain pages OFF on input line 4210.
Package hyperref Info: Backreferencing OFF on input line 4215.
Package hyperref Info: Implicit mode ON; LaTeX internals redefined.
Package hyperref Info: Bookmarks ON on input line 4462.
\c@Hy@tempcnt=\count312

(C:\Users\26785\AppData\Local\Programs\MiKTeX\tex/latex/url\url.sty
\Urlmuskip=\muskip18
Package: url 2013/09/16  ver 3.4  Verb mode for urls, etc.
)
LaTeX Info: Redefining \url on input line 4801.
\XeTeXLinkMargin=\dimen192

(C:\Users\26785\AppData\Local\Programs\MiKTeX\tex/generic/bitset\bitset.sty
Package: bitset 2019/12/09 v1.3 Handle bit-vector datatype (HO)

(C:\Users\26785\AppData\Local\Programs\MiKTeX\tex/generic/bigintcalc\bigintcalc
.sty
Package: bigintcalc 2019/12/15 v1.5 Expandable calculations on big integers (HO
)
))
\Fld@menulength=\count313
\Field@Width=\dimen193
\Fld@charsize=\dimen194
Package hyperref Info: Hyper figures OFF on input line 6078.
Package hyperref Info: Link nesting OFF on input line 6083.
Package hyperref Info: Hyper index ON on input line 6086.
Package hyperref Info: backreferencing OFF on input line 6093.
Package hyperref Info: Link coloring OFF on input line 6098.
Package hyperref Info: Link coloring with OCG OFF on input line 6103.
Package hyperref Info: PDF/A mode OFF on input line 6108.
\Hy@abspage=\count314
\c@Item=\count315
\c@Hfootnote=\count316
)
Package hyperref Info: Driver (autodetected): hpdftex.

(C:\Users\26785\AppData\Local\Programs\MiKTeX\tex/latex/hyperref\hpdftex.def
File: hpdftex.def 2025-07-12 v7.01o Hyperref driver for pdfTeX
\Fld@listcount=\count317
\c@bookmark@seq@number=\count318

(C:\Users\26785\AppData\Local\Programs\MiKTeX\tex/latex/rerunfilecheck\rerunfil
echeck.sty
Package: rerunfilecheck 2025-06-21 v1.11 Rerun checks for auxiliary files (HO)

(C:\Users\26785\AppData\Local\Programs\MiKTeX\tex/generic/uniquecounter\uniquec
ounter.sty
Package: uniquecounter 2019/12/15 v1.4 Provide unlimited unique counter (HO)
)
Package uniquecounter Info: New unique counter `rerunfilecheck' on input line 2
84.
)
\Hy@SectionHShift=\skip56
)
(C:\Users\26785\AppData\Local\Programs\MiKTeX\tex/latex/listings\listings.sty
\lst@mode=\count319
\lst@gtempboxa=\box59
\lst@token=\toks27
\lst@length=\count320
\lst@currlwidth=\dimen195
\lst@column=\count321
\lst@pos=\count322
\lst@lostspace=\dimen196
\lst@width=\dimen197
\lst@newlines=\count323
\lst@lineno=\count324
\lst@maxwidth=\dimen198

(C:\Users\26785\AppData\Local\Programs\MiKTeX\tex/latex/listings\lstpatch.sty
File: lstpatch.sty 2025/11/14 1.11b (Carsten Heinz)
)
(C:\Users\26785\AppData\Local\Programs\MiKTeX\tex/latex/listings\lstmisc.sty
File: lstmisc.sty 2025/11/14 1.11b (Carsten Heinz)
\c@lstnumber=\count325
\lst@skipnumbers=\count326
\lst@framebox=\box60
)
(C:\Users\26785\AppData\Local\Programs\MiKTeX\tex/latex/listings\listings.cfg
File: listings.cfg 2025/11/14 1.11b listings configuration
))
Package: listings 2025/11/14 1.11b (Carsten Heinz)
==> First Aid for listings.sty no longer applied!
    Expected:
        2024/09/23 1.10c (Carsten Heinz)
    but found:
        2025/11/14 1.11b (Carsten Heinz)
    so I'm assuming it got fixed.
(C:\Users\26785\AppData\Local\Programs\MiKTeX\tex/latex/xcolor\xcolor.sty
Package: xcolor 2024/09/29 v3.02 LaTeX color extensions (UK)

(C:\Users\26785\AppData\Local\Programs\MiKTeX\tex/latex/graphics-cfg\color.cfg
File: color.cfg 2016/01/02 v1.6 sample color configuration
)
Package xcolor Info: Driver file: pdftex.def on input line 274.
(C:\Users\26785\AppData\Local\Programs\MiKTeX\tex/latex/graphics\mathcolor.ltx)
Package xcolor Info: Model `cmy' substituted by `cmy0' on input line 1349.
Package xcolor Info: Model `hsb' substituted by `rgb' on input line 1353.
Package xcolor Info: Model `RGB' extended on input line 1365.
Package xcolor Info: Model `HTML' substituted by `rgb' on input line 1367.
Package xcolor Info: Model `Hsb' substituted by `hsb' on input line 1368.
Package xcolor Info: Model `tHsb' substituted by `hsb' on input line 1369.
Package xcolor Info: Model `HSB' substituted by `hsb' on input line 1370.
Package xcolor Info: Model `Gray' substituted by `gray' on input line 1371.
Package xcolor Info: Model `wave' substituted by `hsb' on input line 1372.
) (C:\Users\26785\AppData\Local\Programs\MiKTeX\tex/latex/fancyhdr\fancyhdr.sty
Package: fancyhdr 2025/02/07 v5.2 Extensive control of page headers and footers

\f@nch@headwidth=\skip57
\f@nch@offset@elh=\skip58
\f@nch@offset@erh=\skip59
\f@nch@offset@olh=\skip60
\f@nch@offset@orh=\skip61
\f@nch@offset@elf=\skip62
\f@nch@offset@erf=\skip63
\f@nch@offset@olf=\skip64
\f@nch@offset@orf=\skip65
\f@nch@height=\skip66
\f@nch@footalignment=\skip67
\f@nch@widthL=\skip68
\f@nch@widthC=\skip69
\f@nch@widthR=\skip70
\@temptokenb=\toks28
) (C:\Users\26785\AppData\Local\Programs\MiKTeX\tex/latex/titlesec\titlesec.sty
Package: titlesec 2025/01/04 v2.17 Sectioning titles
\ttl@box=\box61
\beforetitleunit=\skip71
\aftertitleunit=\skip72
\ttl@plus=\dimen199
\ttl@minus=\dimen256
\ttl@toksa=\toks29
\titlewidth=\dimen257
\titlewidthlast=\dimen258
\titlewidthfirst=\dimen259
) (C:\Users\26785\AppData\Local\Programs\MiKTeX\tex/latex/tocloft\tocloft.sty
Package: tocloft 2017/08/31 v2.3i parameterised ToC, etc., typesetting
Package tocloft Info: The document has section divisions on input line 51.
\cftparskip=\skip73
\cftbeforetoctitleskip=\skip74
\cftaftertoctitleskip=\skip75
\cftbeforepartskip=\skip76
\cftpartnumwidth=\skip77
\cftpartindent=\skip78
\cftbeforesecskip=\skip79
\cftsecindent=\skip80
\cftsecnumwidth=\skip81
\cftbeforesubsecskip=\skip82
\cftsubsecindent=\skip83
\cftsubsecnumwidth=\skip84
\cftbeforesubsubsecskip=\skip85
\cftsubsubsecindent=\skip86
\cftsubsubsecnumwidth=\skip87
\cftbeforeparaskip=\skip88
\cftparaindent=\skip89
\cftparanumwidth=\skip90
\cftbeforesubparaskip=\skip91
\cftsubparaindent=\skip92
\cftsubparanumwidth=\skip93
\cftbeforeloftitleskip=\skip94
\cftafterloftitleskip=\skip95
\cftbeforefigskip=\skip96
\cftfigindent=\skip97
\cftfignumwidth=\skip98
\c@lofdepth=\count327
\c@lotdepth=\count328
\cftbeforelottitleskip=\skip99
\cftafterlottitleskip=\skip100
\cftbeforetabskip=\skip101
\cfttabindent=\skip102
\cfttabnumwidth=\skip103
)
(C:\Users\26785\AppData\Local\Programs\MiKTeX\tex/latex/setspace\setspace.sty
Package: setspace 2022/12/04 v6.7b set line spacing
)
(C:\Users\26785\AppData\Local\Programs\MiKTeX\tex/latex/cite\cite.sty
LaTeX Info: Redefining \cite on input line 302.
LaTeX Info: Redefining \nocite on input line 332.
Package: cite 2015/02/27  v 5.5
)
(C:\Users\26785\AppData\Local\Programs\MiKTeX\tex/latex/parskip\parskip.sty
Package: parskip 2021-03-14 v2.0h non-zero parskip adjustments
)
(C:\Users\26785\AppData\Local\Programs\MiKTeX\tex/latex/listings\lstlang1.sty
File: lstlang1.sty 2025/11/14 1.11b listings language file
)
(C:\Users\26785\AppData\Local\Programs\MiKTeX\tex/latex/l3backend\l3backend-pdf
tex.def
File: l3backend-pdftex.def 2025-10-09 L3 backend support: PDF output (pdfTeX)
\l__color_backend_stack_int=\count329
) (lab02_report.aux)
\openout1 = `lab02_report.aux'.

LaTeX Font Info:    Checking defaults for OML/cmm/m/it on input line 53.
LaTeX Font Info:    ... okay on input line 53.
LaTeX Font Info:    Checking defaults for OMS/cmsy/m/n on input line 53.
LaTeX Font Info:    ... okay on input line 53.
LaTeX Font Info:    Checking defaults for OT1/cmr/m/n on input line 53.
LaTeX Font Info:    ... okay on input line 53.
LaTeX Font Info:    Checking defaults for T1/cmr/m/n on input line 53.
LaTeX Font Info:    ... okay on input line 53.
LaTeX Font Info:    Checking defaults for TS1/cmr/m/n on input line 53.
LaTeX Font Info:    ... okay on input line 53.
LaTeX Font Info:    Checking defaults for OMX/cmex/m/n on input line 53.
LaTeX Font Info:    ... okay on input line 53.
LaTeX Font Info:    Checking defaults for U/cmr/m/n on input line 53.
LaTeX Font Info:    ... okay on input line 53.
LaTeX Font Info:    Checking defaults for PD1/pdf/m/n on input line 53.
LaTeX Font Info:    ... okay on input line 53.
LaTeX Font Info:    Checking defaults for PU/pdf/m/n on input line 53.
LaTeX Font Info:    ... okay on input line 53.

*geometry* driver: auto-detecting
*geometry* detected driver: pdftex
*geometry* verbose mode - [ preamble ] result:
* driver: pdftex
* paper: a4paper
* layout: <same size as paper>
* layoutoffset:(h,v)=(0.0pt,0.0pt)
* modes: 
* h-part:(L,W,R)=(71.13188pt, 455.24411pt, 71.13188pt)
* v-part:(T,H,B)=(71.13188pt, 702.78308pt, 71.13188pt)
* \paperwidth=597.50787pt
* \paperheight=845.04684pt
* \textwidth=455.24411pt
* \textheight=702.78308pt
* \oddsidemargin=-1.1381pt
* \evensidemargin=-1.1381pt
* \topmargin=-38.1381pt
* \headheight=14.0pt
* \headsep=25.0pt
* \topskip=12.0pt
* \footskip=30.0pt
* \marginparwidth=35.0pt
* \marginparsep=10.0pt
* \columnsep=10.0pt
* \skip\footins=10.8pt plus 4.0pt minus 2.0pt
* \hoffset=0.0pt
* \voffset=0.0pt
* \mag=1000
* \@twocolumnfalse
* \@twosidefalse
* \@mparswitchfalse
* \@reversemarginfalse
* (1in=72.27pt=25.4mm, 1cm=28.453pt)


(C:\Users\26785\AppData\Local\Programs\MiKTeX\tex/context/base/mkii\supp-pdf.mk
ii
[Loading MPS to PDF converter (version 2006.09.02).]
\scratchcounter=\count330
\scratchdimen=\dimen260
\scratchbox=\box62
\nofMPsegments=\count331
\nofMParguments=\count332
\everyMPshowfont=\toks30
\MPscratchCnt=\count333
\MPscratchDim=\dimen261
\MPnumerator=\count334
\makeMPintoPDFobject=\count335
\everyMPtoPDFconversion=\toks31
)
(C:\Users\26785\AppData\Local\Programs\MiKTeX\tex/latex/epstopdf-pkg\epstopdf-b
ase.sty
Package: epstopdf-base 2020-01-24 v2.11 Base part for package epstopdf
Package epstopdf-base Info: Redefining graphics rule for `.eps' on input line 4
85.

(C:\Users\26785\AppData\Local\Programs\MiKTeX\tex/latex/00miktex\epstopdf-sys.c
fg
File: epstopdf-sys.cfg 2021/03/18 v2.0 Configuration of epstopdf for MiKTeX
))
Package caption Info: Begin \AtBeginDocument code.
Package caption Info: float package is loaded.
Package caption Info: hyperref package is loaded.
Package caption Info: listings package is loaded.
Package caption Info: End \AtBeginDocument code.
Package hyperref Info: Link coloring OFF on input line 53.
 (lab02_report.out) (lab02_report.out)
\@outlinefile=\write3
\openout3 = `lab02_report.out'.

\c@lstlisting=\count336
LaTeX Font Info:    Trying to load font information for U+msa on input line 68.


(C:\Users\26785\AppData\Local\Programs\MiKTeX\tex/latex/amsfonts\umsa.fd
File: umsa.fd 2013/01/14 v3.01 AMS symbols A
)
LaTeX Font Info:    Trying to load font information for U+msb on input line 68.


(C:\Users\26785\AppData\Local\Programs\MiKTeX\tex/latex/amsfonts\umsb.fd
File: umsb.fd 2013/01/14 v3.01 AMS symbols B
)
[1

{C:/Users/26785/AppData/Local/MiKTeX/fonts/map/pdftex/pdftex.map}]
(lab02_report.toc)
\tf@toc=\write4
\openout4 = `lab02_report.toc'.

 [1

] [2]
Overfull \hbox (45.57935pt too wide) in paragraph at lines 130--132
\OT1/cmr/m/n/12 so both de-signs re-quire or-der 4. These man-ual re-sults were
 ver-i-fied against \OT1/cmtt/m/n/12 scipy.signal.buttord\OT1/cmr/m/n/12 ,
 []

[3] [4]
<plots/lab02_fig02_butter_pz.png, id=212, 425.9112pt x 424.4658pt>
File: plots/lab02_fig02_butter_pz.png Graphic file (type png)
<use plots/lab02_fig02_butter_pz.png>
Package pdftex.def Info: plots/lab02_fig02_butter_pz.png  used on input line 26
0.
(pdftex.def)             Requested size: 218.51521pt x 217.77005pt.
<plots/lab02_fig03_butter_impulse.png, id=214, 642.7212pt x 279.9258pt>
File: plots/lab02_fig03_butter_impulse.png Graphic file (type png)
<use plots/lab02_fig03_butter_impulse.png>
Package pdftex.def Info: plots/lab02_fig03_butter_impulse.png  used on input li
ne 267.
(pdftex.def)             Requested size: 218.51521pt x 95.16924pt.
<plots/lab02_fig04_butter_gain.png, id=215, 714.9912pt x 496.7358pt>
File: plots/lab02_fig04_butter_gain.png Graphic file (type png)
<use plots/lab02_fig04_butter_gain.png>
Package pdftex.def Info: plots/lab02_fig04_butter_gain.png  used on input line 
278.
(pdftex.def)             Requested size: 145.68144pt x 101.20996pt.
<plots/lab02_fig05_butter_phase.png, id=216, 642.7212pt x 279.9258pt>
File: plots/lab02_fig05_butter_phase.png Graphic file (type png)
<use plots/lab02_fig05_butter_phase.png>
Package pdftex.def Info: plots/lab02_fig05_butter_phase.png  used on input line
 285.
(pdftex.def)             Requested size: 145.68144pt x 63.44615pt.
<plots/lab02_fig06_butter_gd.png, id=217, 642.7212pt x 279.9258pt>
File: plots/lab02_fig06_butter_gd.png Graphic file (type png)
<use plots/lab02_fig06_butter_gd.png>
Package pdftex.def Info: plots/lab02_fig06_butter_gd.png  used on input line 29
2.
(pdftex.def)             Requested size: 145.68144pt x 63.44615pt.
 [5 <./plots/lab02_fig02_butter_pz.png> <./plots/lab02_fig03_butter_impulse.png
>]
<plots/lab02_fig02_cheby1_pz.png, id=231, 425.9112pt x 424.4658pt>
File: plots/lab02_fig02_cheby1_pz.png Graphic file (type png)
<use plots/lab02_fig02_cheby1_pz.png>
Package pdftex.def Info: plots/lab02_fig02_cheby1_pz.png  used on input line 30
7.
(pdftex.def)             Requested size: 218.51521pt x 217.77005pt.
<plots/lab02_fig03_cheby1_impulse.png, id=232, 642.7212pt x 279.9258pt>
File: plots/lab02_fig03_cheby1_impulse.png Graphic file (type png)
<use plots/lab02_fig03_cheby1_impulse.png>
Package pdftex.def Info: plots/lab02_fig03_cheby1_impulse.png  used on input li
ne 314.
(pdftex.def)             Requested size: 218.51521pt x 95.16924pt.
<plots/lab02_fig04_cheby1_gain.png, id=233, 714.9912pt x 496.7358pt>
File: plots/lab02_fig04_cheby1_gain.png Graphic file (type png)
<use plots/lab02_fig04_cheby1_gain.png>
Package pdftex.def Info: plots/lab02_fig04_cheby1_gain.png  used on input line 
325.
(pdftex.def)             Requested size: 145.68144pt x 101.20996pt.
<plots/lab02_fig05_cheby1_phase.png, id=234, 642.7212pt x 279.9258pt>
File: plots/lab02_fig05_cheby1_phase.png Graphic file (type png)
<use plots/lab02_fig05_cheby1_phase.png>
Package pdftex.def Info: plots/lab02_fig05_cheby1_phase.png  used on input line
 332.
(pdftex.def)             Requested size: 145.68144pt x 63.44615pt.
<plots/lab02_fig06_cheby1_gd.png, id=235, 642.7212pt x 279.9258pt>
File: plots/lab02_fig06_cheby1_gd.png Graphic file (type png)
<use plots/lab02_fig06_cheby1_gd.png>
Package pdftex.def Info: plots/lab02_fig06_cheby1_gd.png  used on input line 33
9.
(pdftex.def)             Requested size: 145.68144pt x 63.44615pt.
 [6 <./plots/lab02_fig04_butter_gain.png> <./plots/lab02_fig05_butter_phase.png
> <./plots/lab02_fig06_butter_gd.png> <./plots/lab02_fig02_cheby1_pz.png> <./pl
ots/lab02_fig03_cheby1_impulse.png>]
<plots/lab02_fig02_cheby2_pz.png, id=252, 425.9112pt x 424.4658pt>
File: plots/lab02_fig02_cheby2_pz.png Graphic file (type png)
<use plots/lab02_fig02_cheby2_pz.png>
Package pdftex.def Info: plots/lab02_fig02_cheby2_pz.png  used on input line 35
4.
(pdftex.def)             Requested size: 218.51521pt x 217.77005pt.
<plots/lab02_fig03_cheby2_impulse.png, id=253, 642.7212pt x 279.9258pt>
File: plots/lab02_fig03_cheby2_impulse.png Graphic file (type png)
<use plots/lab02_fig03_cheby2_impulse.png>
Package pdftex.def Info: plots/lab02_fig03_cheby2_impulse.png  used on input li
ne 361.
(pdftex.def)             Requested size: 218.51521pt x 95.16924pt.
<plots/lab02_fig04_cheby2_gain.png, id=254, 714.9912pt x 496.7358pt>
File: plots/lab02_fig04_cheby2_gain.png Graphic file (type png)
<use plots/lab02_fig04_cheby2_gain.png>
Package pdftex.def Info: plots/lab02_fig04_cheby2_gain.png  used on input line 
372.
(pdftex.def)             Requested size: 145.68144pt x 101.20996pt.
<plots/lab02_fig05_cheby2_phase.png, id=255, 642.7212pt x 279.9258pt>
File: plots/lab02_fig05_cheby2_phase.png Graphic file (type png)
<use plots/lab02_fig05_cheby2_phase.png>
Package pdftex.def Info: plots/lab02_fig05_cheby2_phase.png  used on input line
 379.
(pdftex.def)             Requested size: 145.68144pt x 63.44615pt.
<plots/lab02_fig06_cheby2_gd.png, id=256, 642.7212pt x 279.9258pt>
File: plots/lab02_fig06_cheby2_gd.png Graphic file (type png)
<use plots/lab02_fig06_cheby2_gd.png>
Package pdftex.def Info: plots/lab02_fig06_cheby2_gd.png  used on input line 38
6.
(pdftex.def)             Requested size: 145.68144pt x 63.44615pt.
 [7 <./plots/lab02_fig04_cheby1_gain.png> <./plots/lab02_fig05_cheby1_phase.png
> <./plots/lab02_fig06_cheby1_gd.png> <./plots/lab02_fig02_cheby2_pz.png> <./pl
ots/lab02_fig03_cheby2_impulse.png>]
<plots/lab02_fig02_boxcar_pz.png, id=270, 425.9112pt x 424.4658pt>
File: plots/lab02_fig02_boxcar_pz.png Graphic file (type png)
<use plots/lab02_fig02_boxcar_pz.png>
Package pdftex.def Info: plots/lab02_fig02_boxcar_pz.png  used on input line 40
1.
(pdftex.def)             Requested size: 218.51521pt x 217.77005pt.
<plots/lab02_fig03_boxcar_impulse.png, id=271, 642.7212pt x 279.9258pt>
File: plots/lab02_fig03_boxcar_impulse.png Graphic file (type png)
<use plots/lab02_fig03_boxcar_impulse.png>
Package pdftex.def Info: plots/lab02_fig03_boxcar_impulse.png  used on input li
ne 408.
(pdftex.def)             Requested size: 218.51521pt x 95.16924pt.
<plots/lab02_fig04_boxcar_gain.png, id=272, 714.9912pt x 496.7358pt>
File: plots/lab02_fig04_boxcar_gain.png Graphic file (type png)
<use plots/lab02_fig04_boxcar_gain.png>
Package pdftex.def Info: plots/lab02_fig04_boxcar_gain.png  used on input line 
419.
(pdftex.def)             Requested size: 145.68144pt x 101.20996pt.
<plots/lab02_fig05_boxcar_phase.png, id=273, 642.7212pt x 279.9258pt>
File: plots/lab02_fig05_boxcar_phase.png Graphic file (type png)
<use plots/lab02_fig05_boxcar_phase.png>
Package pdftex.def Info: plots/lab02_fig05_boxcar_phase.png  used on input line
 426.
(pdftex.def)             Requested size: 145.68144pt x 63.44615pt.
<plots/lab02_fig06_boxcar_gd.png, id=274, 642.7212pt x 279.9258pt>
File: plots/lab02_fig06_boxcar_gd.png Graphic file (type png)
<use plots/lab02_fig06_boxcar_gd.png>
Package pdftex.def Info: plots/lab02_fig06_boxcar_gd.png  used on input line 43
3.
(pdftex.def)             Requested size: 145.68144pt x 63.44615pt.
 [8 <./plots/lab02_fig04_cheby2_gain.png> <./plots/lab02_fig05_cheby2_phase.png
> <./plots/lab02_fig06_cheby2_gd.png> <./plots/lab02_fig02_boxcar_pz.png> <./pl
ots/lab02_fig03_boxcar_impulse.png>]
<plots/lab02_fig02_bartlett_pz.png, id=288, 425.9112pt x 424.4658pt>
File: plots/lab02_fig02_bartlett_pz.png Graphic file (type png)
<use plots/lab02_fig02_bartlett_pz.png>
Package pdftex.def Info: plots/lab02_fig02_bartlett_pz.png  used on input line 
448.
(pdftex.def)             Requested size: 218.51521pt x 217.77005pt.
<plots/lab02_fig03_bartlett_impulse.png, id=289, 642.7212pt x 279.9258pt>
File: plots/lab02_fig03_bartlett_impulse.png Graphic file (type png)
<use plots/lab02_fig03_bartlett_impulse.png>
Package pdftex.def Info: plots/lab02_fig03_bartlett_impulse.png  used on input 
line 455.
(pdftex.def)             Requested size: 218.51521pt x 95.16924pt.
<plots/lab02_fig04_bartlett_gain.png, id=290, 714.9912pt x 496.7358pt>
File: plots/lab02_fig04_bartlett_gain.png Graphic file (type png)
<use plots/lab02_fig04_bartlett_gain.png>
Package pdftex.def Info: plots/lab02_fig04_bartlett_gain.png  used on input lin
e 466.
(pdftex.def)             Requested size: 145.68144pt x 101.20996pt.
<plots/lab02_fig05_bartlett_phase.png, id=291, 642.7212pt x 279.9258pt>
File: plots/lab02_fig05_bartlett_phase.png Graphic file (type png)
<use plots/lab02_fig05_bartlett_phase.png>
Package pdftex.def Info: plots/lab02_fig05_bartlett_phase.png  used on input li
ne 473.
(pdftex.def)             Requested size: 145.68144pt x 63.44615pt.
<plots/lab02_fig06_bartlett_gd.png, id=292, 642.7212pt x 279.9258pt>
File: plots/lab02_fig06_bartlett_gd.png Graphic file (type png)
<use plots/lab02_fig06_bartlett_gd.png>
Package pdftex.def Info: plots/lab02_fig06_bartlett_gd.png  used on input line 
480.
(pdftex.def)             Requested size: 145.68144pt x 63.44615pt.
 [9 <./plots/lab02_fig04_boxcar_gain.png> <./plots/lab02_fig05_boxcar_phase.png
> <./plots/lab02_fig06_boxcar_gd.png> <./plots/lab02_fig02_bartlett_pz.png> <./
plots/lab02_fig03_bartlett_impulse.png>]
<plots/lab02_fig02_hann_pz.png, id=306, 425.9112pt x 424.4658pt>
File: plots/lab02_fig02_hann_pz.png Graphic file (type png)
<use plots/lab02_fig02_hann_pz.png>
Package pdftex.def Info: plots/lab02_fig02_hann_pz.png  used on input line 495.

(pdftex.def)             Requested size: 218.51521pt x 217.77005pt.
<plots/lab02_fig03_hann_impulse.png, id=307, 642.7212pt x 279.9258pt>
File: plots/lab02_fig03_hann_impulse.png Graphic file (type png)
<use plots/lab02_fig03_hann_impulse.png>
Package pdftex.def Info: plots/lab02_fig03_hann_impulse.png  used on input line
 502.
(pdftex.def)             Requested size: 218.51521pt x 95.16924pt.
<plots/lab02_fig04_hann_gain.png, id=308, 714.9912pt x 496.7358pt>
File: plots/lab02_fig04_hann_gain.png Graphic file (type png)
<use plots/lab02_fig04_hann_gain.png>
Package pdftex.def Info: plots/lab02_fig04_hann_gain.png  used on input line 51
3.
(pdftex.def)             Requested size: 145.68144pt x 101.20996pt.
<plots/lab02_fig05_hann_phase.png, id=309, 642.7212pt x 279.9258pt>
File: plots/lab02_fig05_hann_phase.png Graphic file (type png)
<use plots/lab02_fig05_hann_phase.png>
Package pdftex.def Info: plots/lab02_fig05_hann_phase.png  used on input line 5
20.
(pdftex.def)             Requested size: 145.68144pt x 63.44615pt.
<plots/lab02_fig06_hann_gd.png, id=310, 642.7212pt x 279.9258pt>
File: plots/lab02_fig06_hann_gd.png Graphic file (type png)
<use plots/lab02_fig06_hann_gd.png>
Package pdftex.def Info: plots/lab02_fig06_hann_gd.png  used on input line 527.

(pdftex.def)             Requested size: 145.68144pt x 63.44615pt.

[10 <./plots/lab02_fig04_bartlett_gain.png> <./plots/lab02_fig05_bartlett_phase
.png> <./plots/lab02_fig06_bartlett_gd.png> <./plots/lab02_fig02_hann_pz.png> <
./plots/lab02_fig03_hann_impulse.png>]
<plots/lab02_fig02_hamming_pz.png, id=324, 425.9112pt x 424.4658pt>
File: plots/lab02_fig02_hamming_pz.png Graphic file (type png)
<use plots/lab02_fig02_hamming_pz.png>
Package pdftex.def Info: plots/lab02_fig02_hamming_pz.png  used on input line 5
42.
(pdftex.def)             Requested size: 218.51521pt x 217.77005pt.
<plots/lab02_fig03_hamming_impulse.png, id=325, 642.7212pt x 279.9258pt>
File: plots/lab02_fig03_hamming_impulse.png Graphic file (type png)
<use plots/lab02_fig03_hamming_impulse.png>
Package pdftex.def Info: plots/lab02_fig03_hamming_impulse.png  used on input l
ine 549.
(pdftex.def)             Requested size: 218.51521pt x 95.16924pt.
<plots/lab02_fig04_hamming_gain.png, id=326, 714.9912pt x 496.7358pt>
File: plots/lab02_fig04_hamming_gain.png Graphic file (type png)
<use plots/lab02_fig04_hamming_gain.png>
Package pdftex.def Info: plots/lab02_fig04_hamming_gain.png  used on input line
 560.
(pdftex.def)             Requested size: 145.68144pt x 101.20996pt.
<plots/lab02_fig05_hamming_phase.png, id=327, 642.7212pt x 279.9258pt>
File: plots/lab02_fig05_hamming_phase.png Graphic file (type png)
<use plots/lab02_fig05_hamming_phase.png>
Package pdftex.def Info: plots/lab02_fig05_hamming_phase.png  used on input lin
e 567.
(pdftex.def)             Requested size: 145.68144pt x 63.44615pt.
<plots/lab02_fig06_hamming_gd.png, id=328, 642.7212pt x 279.9258pt>
File: plots/lab02_fig06_hamming_gd.png Graphic file (type png)
<use plots/lab02_fig06_hamming_gd.png>
Package pdftex.def Info: plots/lab02_fig06_hamming_gd.png  used on input line 5
74.
(pdftex.def)             Requested size: 145.68144pt x 63.44615pt.
 [11 <./plots/lab02_fig04_hann_gain.png> <./plots/lab02_fig05_hann_phase.png> <
./plots/lab02_fig06_hann_gd.png> <./plots/lab02_fig02_hamming_pz.png> <./plots/
lab02_fig03_hamming_impulse.png>]
<plots/lab02_fig02_blackman_pz.png, id=342, 425.9112pt x 424.4658pt>
File: plots/lab02_fig02_blackman_pz.png Graphic file (type png)
<use plots/lab02_fig02_blackman_pz.png>
Package pdftex.def Info: plots/lab02_fig02_blackman_pz.png  used on input line 
589.
(pdftex.def)             Requested size: 218.51521pt x 217.77005pt.
<plots/lab02_fig03_blackman_impulse.png, id=343, 642.7212pt x 279.9258pt>
File: plots/lab02_fig03_blackman_impulse.png Graphic file (type png)
<use plots/lab02_fig03_blackman_impulse.png>
Package pdftex.def Info: plots/lab02_fig03_blackman_impulse.png  used on input 
line 596.
(pdftex.def)             Requested size: 218.51521pt x 95.16924pt.
<plots/lab02_fig04_blackman_gain.png, id=344, 714.9912pt x 496.7358pt>
File: plots/lab02_fig04_blackman_gain.png Graphic file (type png)
<use plots/lab02_fig04_blackman_gain.png>
Package pdftex.def Info: plots/lab02_fig04_blackman_gain.png  used on input lin
e 607.
(pdftex.def)             Requested size: 145.68144pt x 101.20996pt.
<plots/lab02_fig05_blackman_phase.png, id=345, 642.7212pt x 279.9258pt>
File: plots/lab02_fig05_blackman_phase.png Graphic file (type png)
<use plots/lab02_fig05_blackman_phase.png>
Package pdftex.def Info: plots/lab02_fig05_blackman_phase.png  used on input li
ne 614.
(pdftex.def)             Requested size: 145.68144pt x 63.44615pt.
<plots/lab02_fig06_blackman_gd.png, id=346, 642.7212pt x 279.9258pt>
File: plots/lab02_fig06_blackman_gd.png Graphic file (type png)
<use plots/lab02_fig06_blackman_gd.png>
Package pdftex.def Info: plots/lab02_fig06_blackman_gd.png  used on input line 
621.
(pdftex.def)             Requested size: 145.68144pt x 63.44615pt.

[12 <./plots/lab02_fig04_hamming_gain.png> <./plots/lab02_fig05_hamming_phase.p
ng> <./plots/lab02_fig06_hamming_gd.png> <./plots/lab02_fig02_blackman_pz.png> 
<./plots/lab02_fig03_blackman_impulse.png>]
<plots/lab02_noise_butter.png, id=362, 714.9912pt x 569.0058pt>
File: plots/lab02_noise_butter.png Graphic file (type png)
<use plots/lab02_noise_butter.png>
Package pdftex.def Info: plots/lab02_noise_butter.png  used on input line 636.
(pdftex.def)             Requested size: 391.51021pt x 311.57367pt.
<plots/lab02_noise_cheby1.png, id=364, 714.9912pt x 569.0058pt>
File: plots/lab02_noise_cheby1.png Graphic file (type png)
<use plots/lab02_noise_cheby1.png>
Package pdftex.def Info: plots/lab02_noise_cheby1.png  used on input line 644.
(pdftex.def)             Requested size: 391.51021pt x 311.57367pt.
 [13 <./plots/lab02_fig04_blackman_gain.png> <./plots/lab02_fig05_blackman_phas
e.png> <./plots/lab02_fig06_blackman_gd.png> <./plots/lab02_noise_butter.png>]
<plots/lab02_noise_cheby2.png, id=376, 714.9912pt x 569.0058pt>
File: plots/lab02_noise_cheby2.png Graphic file (type png)
<use plots/lab02_noise_cheby2.png>
Package pdftex.def Info: plots/lab02_noise_cheby2.png  used on input line 652.
(pdftex.def)             Requested size: 391.51021pt x 311.57367pt.
 [14 <./plots/lab02_noise_cheby1.png>]
<plots/lab02_noise_boxcar.png, id=385, 714.9912pt x 569.0058pt>
File: plots/lab02_noise_boxcar.png Graphic file (type png)
<use plots/lab02_noise_boxcar.png>
Package pdftex.def Info: plots/lab02_noise_boxcar.png  used on input line 660.
(pdftex.def)             Requested size: 391.51021pt x 311.57367pt.
 [15 <./plots/lab02_noise_cheby2.png>]
<plots/lab02_noise_bartlett.png, id=393, 714.9912pt x 569.0058pt>
File: plots/lab02_noise_bartlett.png Graphic file (type png)
<use plots/lab02_noise_bartlett.png>
Package pdftex.def Info: plots/lab02_noise_bartlett.png  used on input line 668
.
(pdftex.def)             Requested size: 391.51021pt x 311.57367pt.
 [16 <./plots/lab02_noise_boxcar.png>]
<plots/lab02_noise_hann.png, id=401, 714.9912pt x 569.0058pt>
File: plots/lab02_noise_hann.png Graphic file (type png)
<use plots/lab02_noise_hann.png>
Package pdftex.def Info: plots/lab02_noise_hann.png  used on input line 676.
(pdftex.def)             Requested size: 391.51021pt x 311.57367pt.

[17 <./plots/lab02_noise_bartlett.png>]
<plots/lab02_noise_hamming.png, id=409, 714.9912pt x 569.0058pt>
File: plots/lab02_noise_hamming.png Graphic file (type png)
<use plots/lab02_noise_hamming.png>
Package pdftex.def Info: plots/lab02_noise_hamming.png  used on input line 684.

(pdftex.def)             Requested size: 391.51021pt x 311.57367pt.
 [18 <./plots/lab02_noise_hann.png>]
<plots/lab02_noise_blackman.png, id=418, 714.9912pt x 569.0058pt>
File: plots/lab02_noise_blackman.png Graphic file (type png)
<use plots/lab02_noise_blackman.png>
Package pdftex.def Info: plots/lab02_noise_blackman.png  used on input line 692
.
(pdftex.def)             Requested size: 391.51021pt x 311.57367pt.

[19 <./plots/lab02_noise_hamming.png>]
<plots/lab02_chirp_butter.png, id=428, 714.9912pt x 569.0058pt>
File: plots/lab02_chirp_butter.png Graphic file (type png)
<use plots/lab02_chirp_butter.png>
Package pdftex.def Info: plots/lab02_chirp_butter.png  used on input line 713.
(pdftex.def)             Requested size: 391.51021pt x 311.57367pt.
 [20 <./plots/lab02_noise_blackman.png>]
<plots/lab02_chirp_cheby1.png, id=438, 714.9912pt x 569.0058pt>
File: plots/lab02_chirp_cheby1.png Graphic file (type png)
<use plots/lab02_chirp_cheby1.png>
Package pdftex.def Info: plots/lab02_chirp_cheby1.png  used on input line 721.
(pdftex.def)             Requested size: 391.51021pt x 311.57367pt.

[21 <./plots/lab02_chirp_butter.png>]
<plots/lab02_chirp_cheby2.png, id=446, 714.9912pt x 569.0058pt>
File: plots/lab02_chirp_cheby2.png Graphic file (type png)
<use plots/lab02_chirp_cheby2.png>
Package pdftex.def Info: plots/lab02_chirp_cheby2.png  used on input line 729.
(pdftex.def)             Requested size: 391.51021pt x 311.57367pt.
 [22 <./plots/lab02_chirp_cheby1.png>]
<plots/lab02_chirp_boxcar.png, id=454, 714.9912pt x 569.0058pt>
File: plots/lab02_chirp_boxcar.png Graphic file (type png)
<use plots/lab02_chirp_boxcar.png>
Package pdftex.def Info: plots/lab02_chirp_boxcar.png  used on input line 737.
(pdftex.def)             Requested size: 391.51021pt x 311.57367pt.

[23 <./plots/lab02_chirp_cheby2.png>]
<plots/lab02_chirp_bartlett.png, id=462, 714.9912pt x 569.0058pt>
File: plots/lab02_chirp_bartlett.png Graphic file (type png)
<use plots/lab02_chirp_bartlett.png>
Package pdftex.def Info: plots/lab02_chirp_bartlett.png  used on input line 745
.
(pdftex.def)             Requested size: 391.51021pt x 311.57367pt.
 [24 <./plots/lab02_chirp_boxcar.png>]
<plots/lab02_chirp_hann.png, id=471, 714.9912pt x 569.0058pt>
File: plots/lab02_chirp_hann.png Graphic file (type png)
<use plots/lab02_chirp_hann.png>
Package pdftex.def Info: plots/lab02_chirp_hann.png  used on input line 753.
(pdftex.def)             Requested size: 391.51021pt x 311.57367pt.

[25 <./plots/lab02_chirp_bartlett.png>]
<plots/lab02_chirp_hamming.png, id=479, 714.9912pt x 569.0058pt>
File: plots/lab02_chirp_hamming.png Graphic file (type png)
<use plots/lab02_chirp_hamming.png>
Package pdftex.def Info: plots/lab02_chirp_hamming.png  used on input line 761.

(pdftex.def)             Requested size: 391.51021pt x 311.57367pt.
 [26 <./plots/lab02_chirp_hann.png>]
<plots/lab02_chirp_blackman.png, id=487, 714.9912pt x 569.0058pt>
File: plots/lab02_chirp_blackman.png Graphic file (type png)
<use plots/lab02_chirp_blackman.png>
Package pdftex.def Info: plots/lab02_chirp_blackman.png  used on input line 769
.
(pdftex.def)             Requested size: 391.51021pt x 311.57367pt.

[27 <./plots/lab02_chirp_hamming.png>] [28 <./plots/lab02_chirp_blackman.png>]
Package hyperref Info: bookmark level for unknown lstlisting defaults to 0 on i
nput line 813.
LaTeX Font Info:    Font shape `OT1/cmtt/bx/n' in size <10> not available
(Font)              Font shape `OT1/cmtt/m/n' tried instead on input line 814.

[29] [30] [31] [32] [33] [34] [35] [36] [37] (lab02_report.aux)
 ***********
LaTeX2e <2025-11-01>
L3 programming layer <2025-12-24>
 ***********
Package rerunfilecheck Info: File `lab02_report.out' has not changed.
(rerunfilecheck)             Checksum: AE45A0494C9840CB16D5DC36B5E8EFFE;4991.
 ) 
Here is how much of TeX's memory you used:
 16409 strings out of 467871
 264391 string characters out of 5418376
 1320010 words of memory out of 5000000
 44629 multiletter control sequences out of 15000+600000
 637470 words of font info for 78 fonts, out of 8000000 for 9000
 1141 hyphenation exceptions out of 8191
 75i,13n,79p,1203b,2151s stack positions out of 10000i,1000n,20000p,200000b,200000s
 <C:\Users\26785\AppData\Local\MiKTeX\fonts/pk/ljfour/jknappen/ec/dpi600\tctt
1000.pk><C:/Users/26785/AppData/Local/Programs/MiKTeX/fonts/type1/public/amsfon
ts/cm/cmbx12.pfb><C:/Users/26785/AppData/Local/Programs/MiKTeX/fonts/type1/publ
ic/amsfonts/cm/cmex10.pfb><C:/Users/26785/AppData/Local/Programs/MiKTeX/fonts/t
ype1/public/amsfonts/cm/cmmi10.pfb><C:/Users/26785/AppData/Local/Programs/MiKTe
X/fonts/type1/public/amsfonts/cm/cmmi12.pfb><C:/Users/26785/AppData/Local/Progr
ams/MiKTeX/fonts/type1/public/amsfonts/cm/cmmi8.pfb><C:/Users/26785/AppData/Loc
al/Programs/MiKTeX/fonts/type1/public/amsfonts/cm/cmr10.pfb><C:/Users/26785/App
Data/Local/Programs/MiKTeX/fonts/type1/public/amsfonts/cm/cmr12.pfb><C:/Users/2
6785/AppData/Local/Programs/MiKTeX/fonts/type1/public/amsfonts/cm/cmr17.pfb><C:
/Users/26785/AppData/Local/Programs/MiKTeX/fonts/type1/public/amsfonts/cm/cmr6.
pfb><C:/Users/26785/AppData/Local/Programs/MiKTeX/fonts/type1/public/amsfonts/c
m/cmr7.pfb><C:/Users/26785/AppData/Local/Programs/MiKTeX/fonts/type1/public/ams
fonts/cm/cmr8.pfb><C:/Users/26785/AppData/Local/Programs/MiKTeX/fonts/type1/pub
lic/amsfonts/cm/cmsy10.pfb><C:/Users/26785/AppData/Local/Programs/MiKTeX/fonts/
type1/public/amsfonts/cm/cmsy7.pfb><C:/Users/26785/AppData/Local/Programs/MiKTe
X/fonts/type1/public/amsfonts/cm/cmsy8.pfb><C:/Users/26785/AppData/Local/Progra
ms/MiKTeX/fonts/type1/public/amsfonts/cm/cmti12.pfb><C:/Users/26785/AppData/Loc
al/Programs/MiKTeX/fonts/type1/public/amsfonts/cm/cmtt10.pfb><C:/Users/26785/Ap
pData/Local/Programs/MiKTeX/fonts/type1/public/amsfonts/cm/cmtt12.pfb>
Output written on lab02_report.pdf (38 pages, 6639165 bytes).
PDF statistics:
 1074 PDF objects out of 1200 (max. 8388607)
 482 named destinations out of 1000 (max. 500000)
 473 words of extra memory for PDF output out of 10000 (max. 10000000)

